15:28:07.143 [main] INFO  testCases.user.CT005_LoginWithInvalidCredentials - **Step1:Clicked on Homepage-MyAccount-Login**
15:28:07.164 [main] INFO  testCases.user.CT005_LoginWithInvalidCredentials - Page title is correct: Account Login
15:28:07.510 [main] INFO  testCases.user.CT005_LoginWithInvalidCredentials - **Step2:Enter invalid email address and password into the 'E-Mail Address' field **
15:28:07.937 [main] INFO  testCases.user.CT005_LoginWithInvalidCredentials - **Step3: Click login button **
15:28:07.995 [main] INFO  testCases.user.CT005_LoginWithInvalidCredentials - Warning massaage is correct: Warning: No match for E-Mail Address and/or Password.
15:28:07.995 [main] INFO  testCases.user.CT005_LoginWithInvalidCredentials - **Step4: Validate the warning massage **
15:28:07.995 [main] INFO  testCases.user.CT005_LoginWithInvalidCredentials - *****Finish CT005_LoginWithInvalidCredentials*****
15:28:24.209 [main] INFO  testCases.user.CT006_LogOutTest - *****CT006_LogOutTest*****
15:28:24.847 [main] INFO  testCases.user.CT006_LogOutTest - *****Clicked on Login Link*****
15:28:25.602 [main] INFO  testCases.user.CT006_LogOutTest - **Step1:Login account **
15:28:26.228 [main] INFO  testCases.user.CT006_LogOutTest - **Step2: Click My Account Logout button **
15:28:26.244 [main] INFO  testCases.user.CT006_LogOutTest - Page title is correct: Account Logout
15:28:26.244 [main] INFO  testCases.user.CT006_LogOutTest - **Step3: Validate the Logout page title **
15:28:26.636 [main] INFO  testCases.user.CT006_LogOutTest - Page title is correct: Your Store
15:28:26.636 [main] INFO  testCases.user.CT006_LogOutTest - **Step4: Validate the Home page title **
15:28:26.636 [main] INFO  testCases.user.CT006_LogOutTest - *****Finish CT006_LogOutTest*****
16:49:53.332 [main] DEBUG org.testng.TestNG - suiteXmlPath: "C:\Users\liut4\eclipse-workspace2\5Opencart\master.xml"
16:49:53.627 [main] INFO  org.testng.internal.Utils - [TestNG] Running:
  C:\Users\liut4\eclipse-workspace2\5Opencart\master.xml

16:50:01.762 [main] INFO  testCases.user.CT007_ForgottenPasswordEmailIsSent - *****Starting CT007_ForgottenPasswordEmailIsSent*****
16:50:02.467 [main] INFO  testCases.user.CT007_ForgottenPasswordEmailIsSent - **Step1:Clicked on Homepage-MyAccount-Login**
16:50:02.475 [main] INFO  testCases.user.CT007_ForgottenPasswordEmailIsSent - Page title is correct: Account Login
16:50:02.475 [main] INFO  testCases.user.CT007_ForgottenPasswordEmailIsSent - Page title validated successfully: Account Login
16:50:02.862 [main] INFO  testCases.user.CT007_ForgottenPasswordEmailIsSent - **Step2:Clicked on Forgotten Password**
16:50:02.887 [main] INFO  testCases.user.CT007_ForgottenPasswordEmailIsSent - Page title is correct: Forgot Your Password?
16:50:02.888 [main] INFO  testCases.user.CT007_ForgottenPasswordEmailIsSent - Page title validated successfully: Forgot Your Password?
16:50:05.561 [main] INFO  testCases.user.CT007_ForgottenPasswordEmailIsSent - **Step4:Input Email in forgot password page and click continue**
16:50:05.587 [main] INFO  testCases.user.CT007_ForgottenPasswordEmailIsSent - Page title is correct: Account Login
16:50:05.644 [main] INFO  testCases.user.CT007_ForgottenPasswordEmailIsSent - Email massaage is correct: An email with a confirmation link has been sent your email address.
16:50:05.644 [main] INFO  testCases.user.CT007_ForgottenPasswordEmailIsSent - **Step4:Validate Validate Email success massage**
16:50:05.644 [main] INFO  testCases.user.CT007_ForgottenPasswordEmailIsSent - Email success massage validated successfully
16:50:05.645 [main] INFO  testCases.user.CT007_ForgottenPasswordEmailIsSent - *****Finish CT007_ForgottenPasswordEmailIsSent*****
16:59:21.692 [main] DEBUG org.testng.TestNG - suiteXmlPath: "C:\Users\liut4\eclipse-workspace2\5Opencart\master.xml"
16:59:21.987 [main] INFO  org.testng.internal.Utils - [TestNG] Running:
  C:\Users\liut4\eclipse-workspace2\5Opencart\master.xml

16:59:27.013 [main] INFO  testCases.user.CT007_ForgottenPasswordEmailIsSent - *****Starting CT007_ForgottenPasswordEmailIsSent*****
16:59:27.623 [main] INFO  testCases.user.CT007_ForgottenPasswordEmailIsSent - **Step1:Clicked on Homepage-MyAccount-Login**
16:59:27.635 [main] INFO  testCases.user.CT007_ForgottenPasswordEmailIsSent - Page title is correct: Account Login
16:59:27.636 [main] INFO  testCases.user.CT007_ForgottenPasswordEmailIsSent - Page title validated successfully: Account Login
16:59:28.255 [main] INFO  testCases.user.CT007_ForgottenPasswordEmailIsSent - **Step2:Clicked on Forgotten Password**
16:59:28.276 [main] INFO  testCases.user.CT007_ForgottenPasswordEmailIsSent - Page title is correct: Forgot Your Password?
16:59:28.276 [main] INFO  testCases.user.CT007_ForgottenPasswordEmailIsSent - Page title validated successfully: Forgot Your Password?
16:59:30.977 [main] INFO  testCases.user.CT007_ForgottenPasswordEmailIsSent - **Step3:Input Email in forgot password page and click continue**
16:59:30.993 [main] INFO  testCases.user.CT007_ForgottenPasswordEmailIsSent - Page title is correct: Account Login
16:59:30.994 [main] INFO  testCases.user.CT007_ForgottenPasswordEmailIsSent - **Step4:Validate  Email success massage**
16:59:31.058 [main] INFO  testCases.user.CT007_ForgottenPasswordEmailIsSent - Email massaage is correct: An email with a confirmation link has been sent your email address.
16:59:31.058 [main] INFO  testCases.user.CT007_ForgottenPasswordEmailIsSent - Email success massage validated successfully
16:59:31.058 [main] INFO  testCases.user.CT007_ForgottenPasswordEmailIsSent - *****Finish CT007_ForgottenPasswordEmailIsSent*****
17:27:23.192 [main] DEBUG org.testng.TestNG - suiteXmlPath: "C:\Users\liut4\eclipse-workspace2\5Opencart\master.xml"
17:27:23.455 [main] INFO  org.testng.internal.Utils - [TestNG] Running:
  C:\Users\liut4\eclipse-workspace2\5Opencart\master.xml

17:27:28.468 [main] INFO  testCases.product.TC_SF_001_SearchingExistingProductName - *****Starting TC_SF_001_SearchingExistingProductName*****
17:27:28.468 [main] INFO  testCases.product.TC_SF_001_SearchingExistingProductName - **Step1:Clicked on Homepage-MyAccount-Login**
17:27:29.305 [main] ERROR testCases.product.TC_SF_001_SearchingExistingProductName - Product mismatch.ExpectediPhone
17:39:04.847 [main] DEBUG org.testng.TestNG - suiteXmlPath: "C:\Users\liut4\eclipse-workspace2\5Opencart\master.xml"
17:39:05.094 [main] INFO  org.testng.internal.Utils - [TestNG] Running:
  C:\Users\liut4\eclipse-workspace2\5Opencart\master.xml

17:39:11.391 [main] INFO  testCases.product.TC_SF_001_SearchingExistingProductName - *****Starting TC_SF_001_SearchingExistingProductName*****
17:39:11.392 [main] INFO  testCases.product.TC_SF_001_SearchingExistingProductName - **Step1:Clicked on Homepage-MyAccount-Login**
17:39:12.228 [main] INFO  testCases.product.TC_SF_001_SearchingExistingProductName - Product is correct: iPhone
17:39:12.228 [main] INFO  testCases.product.TC_SF_001_SearchingExistingProductName - Product validated successfully
17:39:12.228 [main] INFO  testCases.product.TC_SF_001_SearchingExistingProductName - *****Finish TC_SF_001_SearchingExistingProductName*****
